<?xml version="1.0" encoding="UTF-8"?>
<testng-results ignored="0" total="2" passed="2" failed="0" skipped="0">
  <reporter-output>
    <line>
      <![CDATA[Launching Browser]]>
    </line>
    <line>
      <![CDATA[Opening Browser]]>
    </line>
    <line>
      <![CDATA[Clicking On gender Button]]>
    </line>
    <line>
      <![CDATA[Clicking On next Button]]>
    </line>
    <line>
      <![CDATA[Handling Age Dropdown]]>
    </line>
    <line>
      <![CDATA[Clicking On next Button]]>
    </line>
    <line>
      <![CDATA[Enter Pincode]]>
    </line>
    <line>
      <![CDATA[Enter Mobile Number]]>
    </line>
    <line>
      <![CDATA[Clicking On Continue Button]]>
    </line>
    <line>
      <![CDATA[Fatching Number Of Result From Page]]>
    </line>
    <line>
      <![CDATA[Test Case Is Pass]]>
    </line>
    <line>
      <![CDATA[Closing Browser Method]]>
    </line>
    <line>
      <![CDATA[Closing Browser]]>
    </line>
    <line>
      <![CDATA[Launching Browser]]>
    </line>
    <line>
      <![CDATA[Validate PinCode Error Msg]]>
    </line>
    <line>
      <![CDATA[Test case Is passed]]>
    </line>
    <line>
      <![CDATA[Closing Browser Method]]>
    </line>
    <line>
      <![CDATA[Closing Browser]]>
    </line>
  </reporter-output>
  <suite started-at="2024-01-19T15:09:00 IST" name="Suite" finished-at="2024-01-19T15:10:40 IST" duration-ms="100502">
    <groups>
    </groups>
    <test started-at="2024-01-19T15:09:00 IST" name="Test" finished-at="2024-01-19T15:10:40 IST" duration-ms="100502">
      <class name="CoverfoxTest.Validate_Coverfoxpages">
        <test-method is-config="true" signature="launchbrowsers()[pri:0, instance:CoverfoxTest.Validate_Coverfoxpages@18df8434]" started-at="2024-01-19T15:09:00 IST" name="launchbrowsers" finished-at="2024-01-19T15:09:09 IST" duration-ms="9492" status="PASS">
          <reporter-output>
            <line>
              <![CDATA[Launching Browser]]>
            </line>
            <line>
              <![CDATA[Opening Browser]]>
            </line>
          </reporter-output>
        </test-method> <!-- launchbrowsers -->
        <test-method is-config="true" signature="EnterMemberDetails()[pri:0, instance:CoverfoxTest.Validate_Coverfoxpages@18df8434]" started-at="2024-01-19T15:09:09 IST" name="EnterMemberDetails" finished-at="2024-01-19T15:09:31 IST" duration-ms="21321" status="PASS">
          <reporter-output>
            <line>
              <![CDATA[Clicking On gender Button]]>
            </line>
            <line>
              <![CDATA[Clicking On next Button]]>
            </line>
            <line>
              <![CDATA[Handling Age Dropdown]]>
            </line>
            <line>
              <![CDATA[Clicking On next Button]]>
            </line>
            <line>
              <![CDATA[Enter Pincode]]>
            </line>
            <line>
              <![CDATA[Enter Mobile Number]]>
            </line>
            <line>
              <![CDATA[Clicking On Continue Button]]>
            </line>
          </reporter-output>
        </test-method> <!-- EnterMemberDetails -->
        <test-method signature="ValidateTestPlanFromTextAndBanner()[pri:0, instance:CoverfoxTest.Validate_Coverfoxpages@18df8434]" started-at="2024-01-19T15:09:31 IST" name="ValidateTestPlanFromTextAndBanner" finished-at="2024-01-19T15:09:50 IST" duration-ms="19253" status="PASS">
          <reporter-output>
            <line>
              <![CDATA[Fatching Number Of Result From Page]]>
            </line>
            <line>
              <![CDATA[Test Case Is Pass]]>
            </line>
          </reporter-output>
        </test-method> <!-- ValidateTestPlanFromTextAndBanner -->
        <test-method is-config="true" signature="closingBrowser()[pri:0, instance:CoverfoxTest.Validate_Coverfoxpages@18df8434]" started-at="2024-01-19T15:09:50 IST" name="closingBrowser" finished-at="2024-01-19T15:10:01 IST" duration-ms="11239" status="PASS">
          <reporter-output>
            <line>
              <![CDATA[Closing Browser Method]]>
            </line>
            <line>
              <![CDATA[Closing Browser]]>
            </line>
          </reporter-output>
        </test-method> <!-- closingBrowser -->
      </class> <!-- CoverfoxTest.Validate_Coverfoxpages -->
      <class name="CoverfoxTest.Validate_CoverfoxpagesError">
        <test-method is-config="true" signature="LaunchBrowser()[pri:0, instance:CoverfoxTest.Validate_CoverfoxpagesError@f09733f]" started-at="2024-01-19T15:10:01 IST" name="LaunchBrowser" finished-at="2024-01-19T15:10:16 IST" duration-ms="14537" status="PASS">
          <reporter-output>
            <line>
              <![CDATA[Launching Browser]]>
            </line>
          </reporter-output>
        </test-method> <!-- LaunchBrowser -->
        <test-method is-config="true" signature="EnterUserDetails()[pri:0, instance:CoverfoxTest.Validate_CoverfoxpagesError@f09733f]" started-at="2024-01-19T15:10:16 IST" name="EnterUserDetails" finished-at="2024-01-19T15:10:32 IST" duration-ms="15793" status="PASS">
          <reporter-output>
          </reporter-output>
        </test-method> <!-- EnterUserDetails -->
        <test-method signature="pincoderrormsg()[pri:0, instance:CoverfoxTest.Validate_CoverfoxpagesError@f09733f]" started-at="2024-01-19T15:10:32 IST" name="pincoderrormsg" finished-at="2024-01-19T15:10:32 IST" duration-ms="440" status="PASS">
          <reporter-output>
            <line>
              <![CDATA[Validate PinCode Error Msg]]>
            </line>
            <line>
              <![CDATA[Test case Is passed]]>
            </line>
          </reporter-output>
        </test-method> <!-- pincoderrormsg -->
        <test-method is-config="true" signature="closingBrowser()[pri:0, instance:CoverfoxTest.Validate_CoverfoxpagesError@f09733f]" started-at="2024-01-19T15:10:32 IST" name="closingBrowser" finished-at="2024-01-19T15:10:40 IST" duration-ms="8324" status="PASS">
          <reporter-output>
            <line>
              <![CDATA[Closing Browser Method]]>
            </line>
            <line>
              <![CDATA[Closing Browser]]>
            </line>
          </reporter-output>
        </test-method> <!-- closingBrowser -->
      </class> <!-- CoverfoxTest.Validate_CoverfoxpagesError -->
    </test> <!-- Test -->
  </suite> <!-- Suite -->
</testng-results>
